<?xml version="1.0" encoding="UTF-8"?>
<!-- Generated by org.testng.reporters.JUnitXMLReporter -->
<testsuite ignored="0" hostname="LAPTOP-T6I3BM2I" failures="1" tests="3" name="Test" time="26.526" errors="0" timestamp="2024-07-27T14:34:22 IST">
  <testcase classname="com.e_learingproject.testcases.LoginTest" name="VerifyLogin" time="2.481">
    <failure type="java.lang.AssertionError" message="expected [true] but found [false]">
      <![CDATA[java.lang.AssertionError: expected [true] but found [false]
at com.e_learingproject.testcases.LoginTest.VerifyLogin(LoginTest.java:37)
at java.base/java.util.ArrayList.forEach(ArrayList.java:1511)
... Removed 31 stack frames]]>
    </failure>
  </testcase> <!-- VerifyLogin -->
  <testcase classname="com.e_learingproject.testcases.LoginTest" name="VerifyLogin" time="2.153"/>
  <testcase classname="com.e_learingproject.testcases.SerachTestCase" name="searchCourseTesr" time="1.83"/>
</testsuite> <!-- Test -->
